Started GET "/" for 127.0.0.1 at 2021-03-02 16:19:41 -0600
  [1m[35m (2.0ms)[0m  [1m[34mSELECT sqlite_version(*)[0m
Processing by Rails::WelcomeController#index as HTML
  Rendering /Users/luigi/.rvm/gems/ruby-2.7.0/gems/railties-6.1.3/lib/rails/templates/rails/welcome/index.html.erb
  Rendered /Users/luigi/.rvm/gems/ruby-2.7.0/gems/railties-6.1.3/lib/rails/templates/rails/welcome/index.html.erb (Duration: 5.2ms | Allocations: 448)
Completed 200 OK in 16ms (Views: 8.1ms | ActiveRecord: 0.0ms | Allocations: 3663)


Started GET "/" for ::1 at 2021-03-08 09:28:53 -0600
  [1m[35m (2.7ms)[0m  [1m[34mSELECT sqlite_version(*)[0m
Processing by HomeController#show as HTML
  Rendering layout layouts/application.html.erb
  Rendering home/show.html.erb within layouts/application
  Rendered home/show.html.erb within layouts/application (Duration: 2.1ms | Allocations: 332)
[Webpacker] Compiling...
[Webpacker] Compilation failed:
yarn run v1.22.5
info Visit https://yarnpkg.com/en/docs/cli/run for documentation about this command.


error Command "webpack" not found.

  Rendered layout layouts/application.html.erb (Duration: 1722.0ms | Allocations: 16983)
Completed 200 OK in 1744ms (Views: 1729.9ms | ActiveRecord: 0.0ms | Allocations: 20583)


Started GET "/packs/js/application-f826770d917d8a37c1d8.js" for ::1 at 2021-03-08 09:28:55 -0600
  
ActionController::RoutingError (No route matches [GET] "/packs/js/application-f826770d917d8a37c1d8.js"):
  
Started GET "/" for ::1 at 2021-03-09 12:10:51 -0600
  [1m[35m (0.5ms)[0m  [1m[34mSELECT sqlite_version(*)[0m
Processing by HomeController#show as HTML
  Rendering layout layouts/application.html.erb
  Rendering home/show.html.erb within layouts/application
  Rendered home/show.html.erb within layouts/application (Duration: 0.7ms | Allocations: 220)
[Webpacker] Everything's up-to-date. Nothing to do
  Rendered layout layouts/application.html.erb (Duration: 15.8ms | Allocations: 5244)
Completed 200 OK in 25ms (Views: 18.4ms | ActiveRecord: 0.0ms | Allocations: 7826)


Started GET "/packs/js/application-f826770d917d8a37c1d8.js" for ::1 at 2021-03-09 12:10:52 -0600
  
ActionController::RoutingError (No route matches [GET] "/packs/js/application-f826770d917d8a37c1d8.js"):
  
Started GET "/" for ::1 at 2021-03-09 12:27:05 -0600
Processing by HomeController#show as HTML
  Rendering layout layouts/application.html.erb
  Rendering home/show.html.erb within layouts/application
  Rendered home/show.html.erb within layouts/application (Duration: 0.4ms | Allocations: 107)
[Webpacker] Everything's up-to-date. Nothing to do
  Rendered layout layouts/application.html.erb (Duration: 5.9ms | Allocations: 3391)
Completed 200 OK in 12ms (Views: 9.8ms | Allocations: 4562)


Started GET "/packs/js/application-f826770d917d8a37c1d8.js" for ::1 at 2021-03-09 12:27:05 -0600
  
ActionController::RoutingError (No route matches [GET] "/packs/js/application-f826770d917d8a37c1d8.js"):
  
Started GET "/" for ::1 at 2021-03-09 12:27:17 -0600
Processing by HomeController#show as HTML
  Rendering layout layouts/application.html.erb
  Rendering home/show.html.erb within layouts/application
  Rendered home/show.html.erb within layouts/application (Duration: 0.3ms | Allocations: 110)
[Webpacker] Everything's up-to-date. Nothing to do
  Rendered layout layouts/application.html.erb (Duration: 5.3ms | Allocations: 3260)
Completed 200 OK in 9ms (Views: 7.1ms | Allocations: 4346)


Started GET "/packs/js/application-f826770d917d8a37c1d8.js" for ::1 at 2021-03-09 12:27:17 -0600
  
ActionController::RoutingError (No route matches [GET] "/packs/js/application-f826770d917d8a37c1d8.js"):
  
Started GET "/" for ::1 at 2021-03-09 12:39:27 -0600
Processing by HomeController#show as HTML
  Rendering layout layouts/application.html.erb
  Rendering home/show.html.erb within layouts/application
  Rendered home/show.html.erb within layouts/application (Duration: 0.4ms | Allocations: 114)
[Webpacker] Everything's up-to-date. Nothing to do
  Rendered layout layouts/application.html.erb (Duration: 5.7ms | Allocations: 3264)
Completed 200 OK in 9ms (Views: 7.6ms | Allocations: 4349)


Started GET "/packs/js/application-f826770d917d8a37c1d8.js" for ::1 at 2021-03-09 12:39:27 -0600
  
ActionController::RoutingError (No route matches [GET] "/packs/js/application-f826770d917d8a37c1d8.js"):
  
Started GET "/" for ::1 at 2021-03-09 15:54:56 -0600
Processing by HomeController#show as HTML
  Rendering layout layouts/application.html.erb
  Rendering home/show.html.erb within layouts/application
  Rendered home/show.html.erb within layouts/application (Duration: 33.6ms | Allocations: 6421)
[Webpacker] Everything's up-to-date. Nothing to do
  Rendered layout layouts/application.html.erb (Duration: 46.0ms | Allocations: 9501)
Completed 200 OK in 53ms (Views: 50.9ms | Allocations: 10593)


Started GET "/packs/js/application-f826770d917d8a37c1d8.js" for ::1 at 2021-03-09 15:54:56 -0600
  
ActionController::RoutingError (No route matches [GET] "/packs/js/application-f826770d917d8a37c1d8.js"):
  
Started GET "/" for ::1 at 2021-03-09 15:55:13 -0600
Processing by HomeController#show as HTML
  Rendering layout layouts/application.html.erb
  Rendering home/show.html.erb within layouts/application
  Rendered home/show.html.erb within layouts/application (Duration: 1.3ms | Allocations: 662)
[Webpacker] Everything's up-to-date. Nothing to do
  Rendered layout layouts/application.html.erb (Duration: 5.5ms | Allocations: 3736)
Completed 200 OK in 9ms (Views: 7.3ms | Allocations: 4820)


Started GET "/packs/js/application-f826770d917d8a37c1d8.js" for ::1 at 2021-03-09 15:55:13 -0600
  
ActionController::RoutingError (No route matches [GET] "/packs/js/application-f826770d917d8a37c1d8.js"):
  
Started GET "/" for ::1 at 2021-03-09 15:58:42 -0600
Processing by HomeController#show as HTML
  Rendering layout layouts/application.html.erb
  Rendering home/show.html.erb within layouts/application
  Rendered home/show.html.erb within layouts/application (Duration: 1.9ms | Allocations: 1113)
  Rendered layout layouts/application.html.erb (Duration: 2.3ms | Allocations: 1178)
Completed 500 Internal Server Error in 7ms (Allocations: 2241)


  
ActionView::SyntaxErrorInTemplate (Encountered a syntax error while rendering template: check <header>
  <h1 class="title-header">TEESH</h1>
  <div class="circle-header"></div>
</header>

<main>
  <section>
    <div>
      <h3>Fullfill your most peculiar tea wishes</h3>
      <h4>From a comon black tea to the rarest Da Hong Pao, each of them delivered rigth at your door</h4>
      <button>Sign up</button>
    </div>
    <%= image_tag 'hero_tea_cup.jpg', class="hero-img" %>
  </section>
  <section>

  </section>
</main>

):
1:    <header>
2:      <h1 class="title-header">TEESH</h1>
3:      <div class="circle-header"></div>
4:    </header>
5:    
6:    <main>
7:      <section>
8:        <div>
9:          <h3>Fullfill your most peculiar tea wishes</h3>
10:          <h4>From a comon black tea to the rarest Da Hong Pao, each of them delivered rigth at your door</h4>
11:          <button>Sign up</button>
12:        </div>
13:        <%= image_tag 'hero_tea_cup.jpg', class="hero-img" %>
14:      </section>
15:      <section>
16:    
17:      </section>
18:    </main>
  
app/views/home/show.html.erb:13: syntax error, unexpected '='
app/views/home/show.html.erb:13: syntax error, unexpected '='
app/views/home/show.html.erb:13: syntax error, unexpected '='
app/views/home/show.html.erb:13: syntax error, unexpected '='
app/views/home/show.html.erb:13: syntax error, unexpected '='
app/views/home/show.html.erb:13: syntax error, unexpected '='
Started GET "/" for ::1 at 2021-03-09 15:59:00 -0600
Processing by HomeController#show as HTML
  Rendering layout layouts/application.html.erb
  Rendering home/show.html.erb within layouts/application
  Rendered home/show.html.erb within layouts/application (Duration: 1.5ms | Allocations: 666)
[Webpacker] Everything's up-to-date. Nothing to do
  Rendered layout layouts/application.html.erb (Duration: 7.2ms | Allocations: 3745)
Completed 200 OK in 12ms (Views: 9.9ms | Allocations: 4838)


Started GET "/packs/js/application-f826770d917d8a37c1d8.js" for ::1 at 2021-03-09 15:59:00 -0600
  
ActionController::RoutingError (No route matches [GET] "/packs/js/application-f826770d917d8a37c1d8.js"):
  
Started GET "/" for ::1 at 2021-03-09 16:11:55 -0600
Processing by HomeController#show as HTML
  Rendering layout layouts/application.html.erb
  Rendering home/show.html.erb within layouts/application
  Rendered home/show.html.erb within layouts/application (Duration: 2.4ms | Allocations: 667)
[Webpacker] Everything's up-to-date. Nothing to do
  Rendered layout layouts/application.html.erb (Duration: 8.6ms | Allocations: 3741)
Completed 200 OK in 13ms (Views: 11.6ms | Allocations: 4820)


Started GET "/packs/js/application-f826770d917d8a37c1d8.js" for ::1 at 2021-03-09 16:11:55 -0600
  
ActionController::RoutingError (No route matches [GET] "/packs/js/application-f826770d917d8a37c1d8.js"):
  
Started GET "/" for ::1 at 2021-03-09 16:17:01 -0600
Processing by HomeController#show as HTML
  Rendering layout layouts/application.html.erb
  Rendering home/show.html.erb within layouts/application
  Rendered home/show.html.erb within layouts/application (Duration: 2.1ms | Allocations: 563)
[Webpacker] Everything's up-to-date. Nothing to do
  Rendered layout layouts/application.html.erb (Duration: 31.8ms | Allocations: 10420)
Completed 200 OK in 34ms (Views: 32.6ms | Allocations: 10796)


Started GET "/packs/js/application-f826770d917d8a37c1d8.js" for ::1 at 2021-03-09 16:17:01 -0600
  
ActionController::RoutingError (No route matches [GET] "/packs/js/application-f826770d917d8a37c1d8.js"):
  
Started GET "/" for ::1 at 2021-03-09 16:28:36 -0600
Processing by HomeController#show as HTML
  Rendering layout layouts/application.html.erb
  Rendering home/show.html.erb within layouts/application
  Rendered home/show.html.erb within layouts/application (Duration: 2.7ms | Allocations: 671)
[Webpacker] Everything's up-to-date. Nothing to do
  Rendered layout layouts/application.html.erb (Duration: 10.8ms | Allocations: 3755)
Completed 200 OK in 17ms (Views: 13.9ms | Allocations: 4841)


Started GET "/packs/js/application-f826770d917d8a37c1d8.js" for ::1 at 2021-03-09 16:28:36 -0600
  
ActionController::RoutingError (No route matches [GET] "/packs/js/application-f826770d917d8a37c1d8.js"):
  
Started GET "/" for ::1 at 2021-03-09 16:32:40 -0600
Processing by HomeController#show as HTML
  Rendering layout layouts/application.html.erb
  Rendering home/show.html.erb within layouts/application
  Rendered home/show.html.erb within layouts/application (Duration: 2.5ms | Allocations: 671)
[Webpacker] Everything's up-to-date. Nothing to do
  Rendered layout layouts/application.html.erb (Duration: 25.9ms | Allocations: 10897)
Completed 200 OK in 32ms (Views: 29.5ms | Allocations: 11982)


Started GET "/packs/js/application-f826770d917d8a37c1d8.js" for ::1 at 2021-03-09 16:32:40 -0600
  
ActionController::RoutingError (No route matches [GET] "/packs/js/application-f826770d917d8a37c1d8.js"):
  
Started GET "/" for ::1 at 2021-03-09 16:33:58 -0600
Processing by HomeController#show as HTML
  Rendering layout layouts/application.html.erb
  Rendering home/show.html.erb within layouts/application
  Rendered home/show.html.erb within layouts/application (Duration: 2.2ms | Allocations: 565)
[Webpacker] Everything's up-to-date. Nothing to do
  Rendered layout layouts/application.html.erb (Duration: 31.3ms | Allocations: 10804)
Completed 200 OK in 34ms (Views: 32.4ms | Allocations: 11180)


Started GET "/packs/js/application-f826770d917d8a37c1d8.js" for ::1 at 2021-03-09 16:33:58 -0600
  
ActionController::RoutingError (No route matches [GET] "/packs/js/application-f826770d917d8a37c1d8.js"):
  
Started GET "/" for ::1 at 2021-03-09 16:35:33 -0600
Processing by HomeController#show as HTML
  Rendering layout layouts/application.html.erb
  Rendering home/show.html.erb within layouts/application
  Rendered home/show.html.erb within layouts/application (Duration: 2.4ms | Allocations: 670)
[Webpacker] Everything's up-to-date. Nothing to do
  Rendered layout layouts/application.html.erb (Duration: 10.7ms | Allocations: 3756)
Completed 200 OK in 17ms (Views: 14.4ms | Allocations: 4842)


Started GET "/packs/js/application-f826770d917d8a37c1d8.js" for ::1 at 2021-03-09 16:35:34 -0600
  
ActionController::RoutingError (No route matches [GET] "/packs/js/application-f826770d917d8a37c1d8.js"):
  
Started GET "/" for ::1 at 2021-03-09 16:36:23 -0600
Processing by HomeController#show as HTML
  Rendering layout layouts/application.html.erb
  Rendering home/show.html.erb within layouts/application
  Rendered home/show.html.erb within layouts/application (Duration: 2.0ms | Allocations: 671)
[Webpacker] Everything's up-to-date. Nothing to do
  Rendered layout layouts/application.html.erb (Duration: 9.5ms | Allocations: 3752)
Completed 200 OK in 15ms (Views: 12.0ms | Allocations: 4838)


Started GET "/packs/js/application-f826770d917d8a37c1d8.js" for ::1 at 2021-03-09 16:36:23 -0600
  
ActionController::RoutingError (No route matches [GET] "/packs/js/application-f826770d917d8a37c1d8.js"):
  
Started GET "/" for ::1 at 2021-03-09 16:39:56 -0600
Processing by HomeController#show as HTML
  Rendering layout layouts/application.html.erb
  Rendering home/show.html.erb within layouts/application
  Rendered home/show.html.erb within layouts/application (Duration: 2.9ms | Allocations: 679)
[Webpacker] Everything's up-to-date. Nothing to do
  Rendered layout layouts/application.html.erb (Duration: 9.8ms | Allocations: 3760)
Completed 200 OK in 16ms (Views: 14.7ms | Allocations: 4846)


Started GET "/packs/js/application-f826770d917d8a37c1d8.js" for ::1 at 2021-03-09 16:39:56 -0600
  
ActionController::RoutingError (No route matches [GET] "/packs/js/application-f826770d917d8a37c1d8.js"):
  
Started GET "/" for ::1 at 2021-03-09 18:50:28 -0600
Processing by HomeController#show as HTML
  Rendering layout layouts/application.html.erb
  Rendering home/show.html.erb within layouts/application
  Rendered home/show.html.erb within layouts/application (Duration: 4.7ms | Allocations: 698)
[Webpacker] Everything's up-to-date. Nothing to do
  Rendered layout layouts/application.html.erb (Duration: 14.3ms | Allocations: 3782)
Completed 200 OK in 22ms (Views: 20.5ms | Allocations: 4868)


Started GET "/packs/js/application-f826770d917d8a37c1d8.js" for ::1 at 2021-03-09 18:50:28 -0600
  
ActionController::RoutingError (No route matches [GET] "/packs/js/application-f826770d917d8a37c1d8.js"):
  
Started GET "/" for ::1 at 2021-03-09 18:51:18 -0600
Processing by HomeController#show as HTML
  Rendering layout layouts/application.html.erb
  Rendering home/show.html.erb within layouts/application
  Rendered home/show.html.erb within layouts/application (Duration: 1.9ms | Allocations: 695)
[Webpacker] Everything's up-to-date. Nothing to do
  Rendered layout layouts/application.html.erb (Duration: 6.7ms | Allocations: 3776)
Completed 200 OK in 10ms (Views: 8.7ms | Allocations: 4861)


Started GET "/packs/js/application-f826770d917d8a37c1d8.js" for ::1 at 2021-03-09 18:51:18 -0600
  
ActionController::RoutingError (No route matches [GET] "/packs/js/application-f826770d917d8a37c1d8.js"):
  
Started GET "/" for ::1 at 2021-03-09 18:51:46 -0600
Processing by HomeController#show as HTML
  Rendering layout layouts/application.html.erb
  Rendering home/show.html.erb within layouts/application
  Rendered home/show.html.erb within layouts/application (Duration: 1.8ms | Allocations: 695)
[Webpacker] Everything's up-to-date. Nothing to do
  Rendered layout layouts/application.html.erb (Duration: 6.7ms | Allocations: 3776)
Completed 200 OK in 11ms (Views: 9.3ms | Allocations: 4862)


Started GET "/packs/js/application-f826770d917d8a37c1d8.js" for ::1 at 2021-03-09 18:51:46 -0600
  
ActionController::RoutingError (No route matches [GET] "/packs/js/application-f826770d917d8a37c1d8.js"):
  
Started GET "/" for ::1 at 2021-03-09 18:52:07 -0600
Processing by HomeController#show as HTML
  Rendering layout layouts/application.html.erb
  Rendering home/show.html.erb within layouts/application
  Rendered home/show.html.erb within layouts/application (Duration: 1.8ms | Allocations: 563)
[Webpacker] Everything's up-to-date. Nothing to do
  Rendered layout layouts/application.html.erb (Duration: 11.1ms | Allocations: 3473)
Completed 200 OK in 13ms (Views: 12.1ms | Allocations: 3850)


Started GET "/packs/js/application-f826770d917d8a37c1d8.js" for ::1 at 2021-03-09 18:52:07 -0600
  
ActionController::RoutingError (No route matches [GET] "/packs/js/application-f826770d917d8a37c1d8.js"):
  
Started GET "/" for ::1 at 2021-03-09 18:52:13 -0600
Processing by HomeController#show as HTML
  Rendering layout layouts/application.html.erb
  Rendering home/show.html.erb within layouts/application
  Rendered home/show.html.erb within layouts/application (Duration: 1.8ms | Allocations: 563)
[Webpacker] Everything's up-to-date. Nothing to do
  Rendered layout layouts/application.html.erb (Duration: 6.0ms | Allocations: 3470)
Completed 200 OK in 8ms (Views: 7.0ms | Allocations: 3845)


Started GET "/packs/js/application-f826770d917d8a37c1d8.js" for ::1 at 2021-03-09 18:52:13 -0600
  
ActionController::RoutingError (No route matches [GET] "/packs/js/application-f826770d917d8a37c1d8.js"):
  
Started GET "/" for ::1 at 2021-03-09 18:52:16 -0600
Processing by HomeController#show as HTML
  Rendering layout layouts/application.html.erb
  Rendering home/show.html.erb within layouts/application
  Rendered home/show.html.erb within layouts/application (Duration: 1.7ms | Allocations: 563)
[Webpacker] Everything's up-to-date. Nothing to do
  Rendered layout layouts/application.html.erb (Duration: 8.8ms | Allocations: 3470)
Completed 200 OK in 11ms (Views: 9.9ms | Allocations: 3846)


Started GET "/packs/js/application-f826770d917d8a37c1d8.js" for ::1 at 2021-03-09 18:52:16 -0600
  
ActionController::RoutingError (No route matches [GET] "/packs/js/application-f826770d917d8a37c1d8.js"):
  
Started GET "/" for ::1 at 2021-03-09 19:01:56 -0600
Processing by HomeController#show as HTML
  Rendering layout layouts/application.html.erb
  Rendering home/show.html.erb within layouts/application
  Rendered home/show.html.erb within layouts/application (Duration: 2.1ms | Allocations: 706)
[Webpacker] Everything's up-to-date. Nothing to do
  Rendered layout layouts/application.html.erb (Duration: 7.6ms | Allocations: 3792)
Completed 200 OK in 12ms (Views: 10.2ms | Allocations: 4878)


Started GET "/packs/js/application-f826770d917d8a37c1d8.js" for ::1 at 2021-03-09 19:01:56 -0600
  
ActionController::RoutingError (No route matches [GET] "/packs/js/application-f826770d917d8a37c1d8.js"):
  
Started GET "/" for ::1 at 2021-03-09 19:07:07 -0600
Processing by HomeController#show as HTML
  Rendering layout layouts/application.html.erb
  Rendering home/show.html.erb within layouts/application
  Rendered home/show.html.erb within layouts/application (Duration: 2.1ms | Allocations: 711)
[Webpacker] Everything's up-to-date. Nothing to do
  Rendered layout layouts/application.html.erb (Duration: 37.0ms | Allocations: 11129)
Completed 200 OK in 41ms (Views: 39.4ms | Allocations: 12214)


Started GET "/packs/js/application-f826770d917d8a37c1d8.js" for ::1 at 2021-03-09 19:07:07 -0600
  
ActionController::RoutingError (No route matches [GET] "/packs/js/application-f826770d917d8a37c1d8.js"):
  
Started GET "/" for ::1 at 2021-03-09 19:07:32 -0600
Processing by HomeController#show as HTML
  Rendering layout layouts/application.html.erb
  Rendering home/show.html.erb within layouts/application
  Rendered home/show.html.erb within layouts/application (Duration: 2.1ms | Allocations: 562)
[Webpacker] Everything's up-to-date. Nothing to do
  Rendered layout layouts/application.html.erb (Duration: 18.7ms | Allocations: 10804)
Completed 200 OK in 21ms (Views: 19.6ms | Allocations: 11180)


Started GET "/packs/js/application-f826770d917d8a37c1d8.js" for ::1 at 2021-03-09 19:07:32 -0600
  
ActionController::RoutingError (No route matches [GET] "/packs/js/application-f826770d917d8a37c1d8.js"):
  
Started GET "/" for ::1 at 2021-03-09 19:07:51 -0600
Processing by HomeController#show as HTML
  Rendering layout layouts/application.html.erb
  Rendering home/show.html.erb within layouts/application
  Rendered home/show.html.erb within layouts/application (Duration: 1.5ms | Allocations: 563)
[Webpacker] Everything's up-to-date. Nothing to do
  Rendered layout layouts/application.html.erb (Duration: 7.5ms | Allocations: 3473)
Completed 200 OK in 9ms (Views: 8.3ms | Allocations: 3849)


Started GET "/packs/js/application-f826770d917d8a37c1d8.js" for ::1 at 2021-03-09 19:07:51 -0600
  
ActionController::RoutingError (No route matches [GET] "/packs/js/application-f826770d917d8a37c1d8.js"):
  
Started GET "/" for ::1 at 2021-03-09 19:08:02 -0600
Processing by HomeController#show as HTML
  Rendering layout layouts/application.html.erb
  Rendering home/show.html.erb within layouts/application
  Rendered home/show.html.erb within layouts/application (Duration: 1.6ms | Allocations: 565)
[Webpacker] Everything's up-to-date. Nothing to do
  Rendered layout layouts/application.html.erb (Duration: 8.9ms | Allocations: 3475)
Completed 200 OK in 11ms (Views: 9.6ms | Allocations: 3851)


Started GET "/packs/js/application-f826770d917d8a37c1d8.js" for ::1 at 2021-03-09 19:08:02 -0600
  
ActionController::RoutingError (No route matches [GET] "/packs/js/application-f826770d917d8a37c1d8.js"):
  
Started GET "/" for ::1 at 2021-03-09 19:11:42 -0600
Processing by HomeController#show as HTML
  Rendering layout layouts/application.html.erb
  Rendering home/show.html.erb within layouts/application
  Rendered home/show.html.erb within layouts/application (Duration: 2.1ms | Allocations: 709)
[Webpacker] Everything's up-to-date. Nothing to do
  Rendered layout layouts/application.html.erb (Duration: 24.4ms | Allocations: 11134)
Completed 200 OK in 29ms (Views: 27.1ms | Allocations: 12222)


Started GET "/packs/js/application-f826770d917d8a37c1d8.js" for ::1 at 2021-03-09 19:11:42 -0600
  
ActionController::RoutingError (No route matches [GET] "/packs/js/application-f826770d917d8a37c1d8.js"):
  
Started GET "/" for ::1 at 2021-03-09 19:12:03 -0600
Processing by HomeController#show as HTML
  Rendering layout layouts/application.html.erb
  Rendering home/show.html.erb within layouts/application
  Rendered home/show.html.erb within layouts/application (Duration: 1.6ms | Allocations: 563)
[Webpacker] Everything's up-to-date. Nothing to do
  Rendered layout layouts/application.html.erb (Duration: 24.4ms | Allocations: 11737)
Completed 200 OK in 26ms (Views: 25.0ms | Allocations: 12114)


Started GET "/packs/js/application-f826770d917d8a37c1d8.js" for ::1 at 2021-03-09 19:12:03 -0600
  
ActionController::RoutingError (No route matches [GET] "/packs/js/application-f826770d917d8a37c1d8.js"):
  
Started GET "/" for ::1 at 2021-03-09 19:12:16 -0600
Processing by HomeController#show as HTML
  Rendering layout layouts/application.html.erb
  Rendering home/show.html.erb within layouts/application
  Rendered home/show.html.erb within layouts/application (Duration: 1.7ms | Allocations: 565)
[Webpacker] Everything's up-to-date. Nothing to do
  Rendered layout layouts/application.html.erb (Duration: 20.4ms | Allocations: 11295)
Completed 200 OK in 22ms (Views: 21.1ms | Allocations: 11671)


Started GET "/packs/js/application-f826770d917d8a37c1d8.js" for ::1 at 2021-03-09 19:12:16 -0600
  
ActionController::RoutingError (No route matches [GET] "/packs/js/application-f826770d917d8a37c1d8.js"):
  
Started GET "/" for ::1 at 2021-03-09 19:13:33 -0600
Processing by HomeController#show as HTML
  Rendering layout layouts/application.html.erb
  Rendering home/show.html.erb within layouts/application
  Rendered home/show.html.erb within layouts/application (Duration: 2.5ms | Allocations: 565)
[Webpacker] Everything's up-to-date. Nothing to do
  Rendered layout layouts/application.html.erb (Duration: 20.6ms | Allocations: 10817)
Completed 200 OK in 22ms (Views: 21.4ms | Allocations: 11193)


Started GET "/packs/js/application-f826770d917d8a37c1d8.js" for ::1 at 2021-03-09 19:13:33 -0600
  
ActionController::RoutingError (No route matches [GET] "/packs/js/application-f826770d917d8a37c1d8.js"):
  
Started GET "/" for ::1 at 2021-03-09 19:15:09 -0600
Processing by HomeController#show as HTML
  Rendering layout layouts/application.html.erb
  Rendering home/show.html.erb within layouts/application
  Rendered home/show.html.erb within layouts/application (Duration: 2.0ms | Allocations: 565)
[Webpacker] Everything's up-to-date. Nothing to do
  Rendered layout layouts/application.html.erb (Duration: 24.1ms | Allocations: 11236)
Completed 200 OK in 26ms (Views: 25.1ms | Allocations: 11612)


Started GET "/packs/js/application-f826770d917d8a37c1d8.js" for ::1 at 2021-03-09 19:15:09 -0600
  
ActionController::RoutingError (No route matches [GET] "/packs/js/application-f826770d917d8a37c1d8.js"):
  
Started GET "/" for ::1 at 2021-03-09 19:54:29 -0600
Processing by HomeController#show as HTML
  Rendering layout layouts/application.html.erb
  Rendering home/show.html.erb within layouts/application
  Rendered home/show.html.erb within layouts/application (Duration: 4.2ms | Allocations: 565)
[Webpacker] Everything's up-to-date. Nothing to do
  Rendered layout layouts/application.html.erb (Duration: 46.6ms | Allocations: 10807)
Completed 200 OK in 49ms (Views: 47.4ms | Allocations: 11182)


Started GET "/packs/js/application-f826770d917d8a37c1d8.js" for ::1 at 2021-03-09 19:54:29 -0600
  
ActionController::RoutingError (No route matches [GET] "/packs/js/application-f826770d917d8a37c1d8.js"):
  
Started GET "/" for ::1 at 2021-03-09 20:16:10 -0600
Processing by HomeController#show as HTML
  Rendering layout layouts/application.html.erb
  Rendering home/show.html.erb within layouts/application
  Rendered home/show.html.erb within layouts/application (Duration: 2.3ms | Allocations: 565)
[Webpacker] Everything's up-to-date. Nothing to do
  Rendered layout layouts/application.html.erb (Duration: 23.3ms | Allocations: 10818)
Completed 200 OK in 25ms (Views: 24.0ms | Allocations: 11193)


Started GET "/packs/js/application-f826770d917d8a37c1d8.js" for ::1 at 2021-03-09 20:16:10 -0600
  
ActionController::RoutingError (No route matches [GET] "/packs/js/application-f826770d917d8a37c1d8.js"):
  
Started GET "/" for ::1 at 2021-03-09 20:17:21 -0600
Processing by HomeController#show as HTML
  Rendering layout layouts/application.html.erb
  Rendering home/show.html.erb within layouts/application
  Rendered home/show.html.erb within layouts/application (Duration: 10.1ms | Allocations: 565)
[Webpacker] Everything's up-to-date. Nothing to do
  Rendered layout layouts/application.html.erb (Duration: 29.3ms | Allocations: 11732)
Completed 200 OK in 31ms (Views: 30.0ms | Allocations: 12107)


Started GET "/packs/js/application-f826770d917d8a37c1d8.js" for ::1 at 2021-03-09 20:17:21 -0600
  
ActionController::RoutingError (No route matches [GET] "/packs/js/application-f826770d917d8a37c1d8.js"):
  
Started GET "/" for ::1 at 2021-03-09 20:17:34 -0600
Processing by HomeController#show as HTML
  Rendering layout layouts/application.html.erb
  Rendering home/show.html.erb within layouts/application
  Rendered home/show.html.erb within layouts/application (Duration: 2.6ms | Allocations: 563)
[Webpacker] Everything's up-to-date. Nothing to do
  Rendered layout layouts/application.html.erb (Duration: 21.0ms | Allocations: 11310)
Completed 200 OK in 23ms (Views: 21.8ms | Allocations: 11685)


Started GET "/packs/js/application-f826770d917d8a37c1d8.js" for ::1 at 2021-03-09 20:17:34 -0600
  
ActionController::RoutingError (No route matches [GET] "/packs/js/application-f826770d917d8a37c1d8.js"):
  
Started GET "/" for ::1 at 2021-03-09 20:19:16 -0600
Processing by HomeController#show as HTML
  Rendering layout layouts/application.html.erb
  Rendering home/show.html.erb within layouts/application
  Rendered home/show.html.erb within layouts/application (Duration: 2.2ms | Allocations: 563)
[Webpacker] Everything's up-to-date. Nothing to do
  Rendered layout layouts/application.html.erb (Duration: 27.0ms | Allocations: 12113)
Completed 200 OK in 29ms (Views: 27.9ms | Allocations: 12489)


Started GET "/packs/js/application-f826770d917d8a37c1d8.js" for ::1 at 2021-03-09 20:19:16 -0600
  
ActionController::RoutingError (No route matches [GET] "/packs/js/application-f826770d917d8a37c1d8.js"):
  
Started GET "/" for ::1 at 2021-03-09 20:19:40 -0600
Processing by HomeController#show as HTML
  Rendering layout layouts/application.html.erb
  Rendering home/show.html.erb within layouts/application
  Rendered home/show.html.erb within layouts/application (Duration: 9.1ms | Allocations: 562)
[Webpacker] Everything's up-to-date. Nothing to do
  Rendered layout layouts/application.html.erb (Duration: 64.6ms | Allocations: 10824)
Completed 200 OK in 66ms (Views: 65.2ms | Allocations: 11198)


Started GET "/packs/js/application-f826770d917d8a37c1d8.js" for ::1 at 2021-03-09 20:19:40 -0600
  
ActionController::RoutingError (No route matches [GET] "/packs/js/application-f826770d917d8a37c1d8.js"):
  
Started GET "/" for ::1 at 2021-03-09 20:19:53 -0600
Processing by HomeController#show as HTML
  Rendering layout layouts/application.html.erb
  Rendering home/show.html.erb within layouts/application
  Rendered home/show.html.erb within layouts/application (Duration: 2.3ms | Allocations: 562)
[Webpacker] Everything's up-to-date. Nothing to do
  Rendered layout layouts/application.html.erb (Duration: 23.8ms | Allocations: 10824)
Completed 200 OK in 26ms (Views: 24.8ms | Allocations: 11199)


Started GET "/packs/js/application-f826770d917d8a37c1d8.js" for ::1 at 2021-03-09 20:19:53 -0600
  
ActionController::RoutingError (No route matches [GET] "/packs/js/application-f826770d917d8a37c1d8.js"):
  
Started GET "/" for ::1 at 2021-03-09 20:20:23 -0600
Processing by HomeController#show as HTML
  Rendering layout layouts/application.html.erb
  Rendering home/show.html.erb within layouts/application
  Rendered home/show.html.erb within layouts/application (Duration: 1.4ms | Allocations: 562)
[Webpacker] Everything's up-to-date. Nothing to do
  Rendered layout layouts/application.html.erb (Duration: 28.3ms | Allocations: 10827)
Completed 200 OK in 30ms (Views: 28.9ms | Allocations: 11201)


Started GET "/packs/js/application-f826770d917d8a37c1d8.js" for ::1 at 2021-03-09 20:20:23 -0600
  
ActionController::RoutingError (No route matches [GET] "/packs/js/application-f826770d917d8a37c1d8.js"):
  
Started GET "/" for ::1 at 2021-03-09 20:21:32 -0600
Processing by HomeController#show as HTML
  Rendering layout layouts/application.html.erb
  Rendering home/show.html.erb within layouts/application
  Rendered home/show.html.erb within layouts/application (Duration: 2.0ms | Allocations: 564)
[Webpacker] Everything's up-to-date. Nothing to do
  Rendered layout layouts/application.html.erb (Duration: 31.6ms | Allocations: 11310)
Completed 200 OK in 34ms (Views: 32.8ms | Allocations: 11684)


Started GET "/packs/js/application-f826770d917d8a37c1d8.js" for ::1 at 2021-03-09 20:21:32 -0600
  
ActionController::RoutingError (No route matches [GET] "/packs/js/application-f826770d917d8a37c1d8.js"):
  
Started GET "/" for ::1 at 2021-03-09 20:21:48 -0600
Processing by HomeController#show as HTML
  Rendering layout layouts/application.html.erb
  Rendering home/show.html.erb within layouts/application
  Rendered home/show.html.erb within layouts/application (Duration: 1.1ms | Allocations: 564)
[Webpacker] Everything's up-to-date. Nothing to do
  Rendered layout layouts/application.html.erb (Duration: 23.1ms | Allocations: 11321)
Completed 200 OK in 24ms (Views: 23.7ms | Allocations: 11695)


Started GET "/packs/js/application-f826770d917d8a37c1d8.js" for ::1 at 2021-03-09 20:21:48 -0600
  
ActionController::RoutingError (No route matches [GET] "/packs/js/application-f826770d917d8a37c1d8.js"):
  
Started GET "/" for ::1 at 2021-03-09 20:22:06 -0600
Processing by HomeController#show as HTML
  Rendering layout layouts/application.html.erb
  Rendering home/show.html.erb within layouts/application
  Rendered home/show.html.erb within layouts/application (Duration: 1.7ms | Allocations: 564)
[Webpacker] Everything's up-to-date. Nothing to do
  Rendered layout layouts/application.html.erb (Duration: 22.8ms | Allocations: 10830)
Completed 200 OK in 25ms (Views: 23.8ms | Allocations: 11204)


Started GET "/packs/js/application-f826770d917d8a37c1d8.js" for ::1 at 2021-03-09 20:22:06 -0600
  
ActionController::RoutingError (No route matches [GET] "/packs/js/application-f826770d917d8a37c1d8.js"):
  
